<?xml version="1.0" encoding="UTF-8"?>
<!-- Generated by org.testng.reporters.JUnitXMLReporter -->
<testsuite ignored="2" hostname="Shiva_Laptop" failures="0" tests="3" name="Default test" time="4.807" errors="0" timestamp="2023-12-11T17:49:04 IST">
  <testcase classname="spotify.happypath.tests.PlaylistHPTests" name="validateCreatePlaylist" time="3.622"/>
  <testcase classname="spotify.happypath.tests.PlaylistHPTests" name="validateCreatePlaylist" time="0.382"/>
  <testcase classname="spotify.happypath.tests.PlaylistHPTests" name="validateCreatePlaylist" time="0.41"/>
  <testcase classname="spotify.happypath.tests.PlaylistHPTests" name="validateUpdatePlaylist" time="0.0">
    <ignored/>
  </testcase> <!-- validateUpdatePlaylist -->
  <testcase classname="spotify.happypath.tests.PlaylistHPTests" name="validatGetPlaylist" time="0.0">
    <ignored/>
  </testcase> <!-- validatGetPlaylist -->
</testsuite> <!-- Default test -->
