<?xml version="1.0" encoding="UTF-8"?>
<!-- Generated by org.testng.reporters.JUnitXMLReporter -->
<testsuite ignored="0" hostname="Shiva_Laptop" failures="0" tests="5" name="Default test" time="5.541" errors="0" timestamp="2023-12-11T23:10:47 IST">
  <testcase classname="spotify.happypath.tests.PlaylistHPTests" name="validateCreatePlaylist" time="3.345"/>
  <testcase classname="spotify.happypath.tests.PlaylistHPTests" name="validateCreatePlaylist" time="0.404"/>
  <testcase classname="spotify.happypath.tests.PlaylistHPTests" name="validateCreatePlaylist" time="0.41"/>
  <testcase classname="spotify.happypath.tests.PlaylistHPTests" name="validateUpdatePlaylist" time="0.692"/>
  <testcase classname="spotify.happypath.tests.PlaylistHPTests" name="validatGetPlaylist" time="0.348"/>
</testsuite> <!-- Default test -->
