<?xml version="1.0" encoding="UTF-8"?>
<!-- Generated by org.testng.reporters.JUnitXMLReporter -->
<testsuite ignored="0" hostname="Shiva_Laptop" failures="0" tests="6" name="Regression Tests" time="4.425" errors="0" timestamp="2023-12-01T19:04:34 IST">
  <testcase classname="spotify.errorpath.tests.PlaylistEPTests" name="validateCreatePlaylistWithoutName" time="3.35"/>
  <testcase classname="spotify.happypath.tests.PlaylistHPTests" name="validateCreatePlaylist" time="3.402"/>
  <testcase classname="spotify.happypath.tests.AlbumTests" name="validateGetAlbum" time="3.438"/>
  <testcase classname="spotify.happypath.tests.PlaylistHPTests" name="validateUpdatePlaylist" time="0.518"/>
  <testcase classname="spotify.happypath.tests.AddItemsToPL" name="validateAddItemsToPL" time="3.98"/>
  <testcase classname="spotify.happypath.tests.PlaylistHPTests" name="validatGetPlaylist" time="0.33"/>
</testsuite> <!-- Regression Tests -->
