<?xml version="1.0" encoding="UTF-8"?>
<!-- Generated by org.testng.reporters.JUnitXMLReporter -->
<testsuite ignored="0" hostname="Shiva_Laptop" failures="0" tests="8" name="Regression Tests" time="5.034" errors="0" timestamp="2023-12-11T23:34:48 IST">
  <testcase classname="spotify.errorpath.tests.PlaylistEPTests" name="validateCreatePlaylistWithoutName" time="3.087"/>
  <testcase classname="spotify.happypath.tests.AlbumTests" name="validateGetAlbum" time="3.207"/>
  <testcase classname="spotify.happypath.tests.AddItemsToPL" name="validateAddItemsToPL" time="3.234"/>
  <testcase classname="spotify.happypath.tests.PlaylistHPTests" name="validateCreatePlaylist" time="3.042"/>
  <testcase classname="spotify.happypath.tests.PlaylistHPTests" name="validateCreatePlaylist" time="0.445"/>
  <testcase classname="spotify.happypath.tests.PlaylistHPTests" name="validateCreatePlaylist" time="0.394"/>
  <testcase classname="spotify.happypath.tests.PlaylistHPTests" name="validateUpdatePlaylist" time="0.516"/>
  <testcase classname="spotify.happypath.tests.PlaylistHPTests" name="validatGetPlaylist" time="0.318"/>
</testsuite> <!-- Regression Tests -->
