<?xml version="1.0" encoding="UTF-8"?>
<testng-results ignored="0" total="8" passed="8" failed="0" skipped="0">
  <reporter-output>
  </reporter-output>
  <suite started-at="2023-12-11T18:19:42 IST" name="Regression Suite" finished-at="2023-12-11T18:19:49 IST" duration-ms="6240">
    <groups>
    </groups>
    <test started-at="2023-12-11T18:19:42 IST" name="Regression Tests" finished-at="2023-12-11T18:19:49 IST" duration-ms="6240">
      <class name="spotify.happypath.tests.AddItemsToPL">
        <test-method signature="validateAddItemsToPL()[pri:0, instance:spotify.happypath.tests.AddItemsToPL@5ef5c734]" started-at="2023-12-11T18:19:42 IST" name="validateAddItemsToPL" description="Validate the Happy Path flow of Add Items to Playlist API" finished-at="2023-12-11T18:19:47 IST" duration-ms="4449" status="PASS">
          <reporter-output>
          </reporter-output>
        </test-method> <!-- validateAddItemsToPL -->
      </class> <!-- spotify.happypath.tests.AddItemsToPL -->
      <class name="spotify.happypath.tests.PlaylistHPTests">
        <test-method signature="validateCreatePlaylist(org.testng.ITestContext,java.util.HashMap)[pri:1, instance:spotify.happypath.tests.PlaylistHPTests@ae3540e]" started-at="2023-12-11T18:19:43 IST" name="validateCreatePlaylist" description="Validate the Happy Path flow of Create Playlist API" data-provider="supplyCreatePlaylistData" finished-at="2023-12-11T18:19:47 IST" duration-ms="4085" status="PASS">
          <params>
            <param index="0">
              <value>
                <![CDATA[org.testng.TestRunner@35a302d8]]>
              </value>
            </param>
            <param index="1">
              <value>
                <![CDATA[{name=English Hits of 2000, description=English Hits of year 2000 and most played in the UK, public=false}]]>
              </value>
            </param>
          </params>
          <reporter-output>
          </reporter-output>
        </test-method> <!-- validateCreatePlaylist -->
        <test-method signature="validateCreatePlaylist(org.testng.ITestContext,java.util.HashMap)[pri:1, instance:spotify.happypath.tests.PlaylistHPTests@ae3540e]" started-at="2023-12-11T18:19:47 IST" name="validateCreatePlaylist" description="Validate the Happy Path flow of Create Playlist API" data-provider="supplyCreatePlaylistData" finished-at="2023-12-11T18:19:47 IST" duration-ms="366" status="PASS">
          <params>
            <param index="0">
              <value>
                <![CDATA[org.testng.TestRunner@35a302d8]]>
              </value>
            </param>
            <param index="1">
              <value>
                <![CDATA[{name=American Hits of 2000, description=American Hits of year 2000 and most played in the US, public=true}]]>
              </value>
            </param>
          </params>
          <reporter-output>
          </reporter-output>
        </test-method> <!-- validateCreatePlaylist -->
        <test-method signature="validateCreatePlaylist(org.testng.ITestContext,java.util.HashMap)[pri:1, instance:spotify.happypath.tests.PlaylistHPTests@ae3540e]" started-at="2023-12-11T18:19:47 IST" name="validateCreatePlaylist" description="Validate the Happy Path flow of Create Playlist API" data-provider="supplyCreatePlaylistData" finished-at="2023-12-11T18:19:48 IST" duration-ms="417" status="PASS">
          <params>
            <param index="0">
              <value>
                <![CDATA[org.testng.TestRunner@35a302d8]]>
              </value>
            </param>
            <param index="1">
              <value>
                <![CDATA[{name=Spanish Hits of 2000, description=Spanish Hits of year 2000 and most played in Spain, public=false}]]>
              </value>
            </param>
          </params>
          <reporter-output>
          </reporter-output>
        </test-method> <!-- validateCreatePlaylist -->
        <test-method signature="validateUpdatePlaylist(org.testng.ITestContext)[pri:2, instance:spotify.happypath.tests.PlaylistHPTests@ae3540e]" started-at="2023-12-11T18:19:48 IST" name="validateUpdatePlaylist" description="Validate the Happy Path flow of Update Playlist API" finished-at="2023-12-11T18:19:48 IST" duration-ms="480" status="PASS">
          <params>
            <param index="0">
              <value>
                <![CDATA[org.testng.TestRunner@35a302d8]]>
              </value>
            </param>
          </params>
          <reporter-output>
          </reporter-output>
        </test-method> <!-- validateUpdatePlaylist -->
        <test-method signature="validatGetPlaylist(org.testng.ITestContext)[pri:3, instance:spotify.happypath.tests.PlaylistHPTests@ae3540e]" started-at="2023-12-11T18:19:48 IST" name="validatGetPlaylist" description="Validate the Happy Path flow of Get Playlist API" finished-at="2023-12-11T18:19:49 IST" duration-ms="324" status="PASS">
          <params>
            <param index="0">
              <value>
                <![CDATA[org.testng.TestRunner@35a302d8]]>
              </value>
            </param>
          </params>
          <reporter-output>
          </reporter-output>
        </test-method> <!-- validatGetPlaylist -->
      </class> <!-- spotify.happypath.tests.PlaylistHPTests -->
      <class name="spotify.errorpath.tests.PlaylistEPTests">
        <test-method signature="validateCreatePlaylistWithoutName(org.testng.ITestContext)[pri:1, instance:spotify.errorpath.tests.PlaylistEPTests@16eccb2e]" started-at="2023-12-11T18:19:42 IST" name="validateCreatePlaylistWithoutName" description="Validate the Error Path flow of Create Playlist API" finished-at="2023-12-11T18:19:47 IST" duration-ms="4418" status="PASS">
          <params>
            <param index="0">
              <value>
                <![CDATA[org.testng.TestRunner@35a302d8]]>
              </value>
            </param>
          </params>
          <reporter-output>
          </reporter-output>
        </test-method> <!-- validateCreatePlaylistWithoutName -->
      </class> <!-- spotify.errorpath.tests.PlaylistEPTests -->
      <class name="spotify.happypath.tests.AlbumTests">
        <test-method signature="validateGetAlbum()[pri:0, instance:spotify.happypath.tests.AlbumTests@5ddcc487]" started-at="2023-12-11T18:19:42 IST" name="validateGetAlbum" description="Validate the Happy Path flow of Get Album API" finished-at="2023-12-11T18:19:47 IST" duration-ms="4529" status="PASS">
          <reporter-output>
          </reporter-output>
        </test-method> <!-- validateGetAlbum -->
      </class> <!-- spotify.happypath.tests.AlbumTests -->
    </test> <!-- Regression Tests -->
  </suite> <!-- Regression Suite -->
</testng-results>
