<?xml version="1.0" encoding="UTF-8"?>
<testng-results ignored="0" total="5" passed="5" failed="0" skipped="0">
  <reporter-output>
  </reporter-output>
  <suite started-at="2023-12-11T23:10:42 IST" name="Default suite" finished-at="2023-12-11T23:10:47 IST" duration-ms="5541">
    <groups>
    </groups>
    <test started-at="2023-12-11T23:10:42 IST" name="Default test" finished-at="2023-12-11T23:10:47 IST" duration-ms="5541">
      <class name="spotify.happypath.tests.PlaylistHPTests">
        <test-method signature="validateCreatePlaylist(org.testng.ITestContext,java.util.HashMap)[pri:1, instance:spotify.happypath.tests.PlaylistHPTests@95e33cc]" started-at="2023-12-11T23:10:42 IST" name="validateCreatePlaylist" description="Validate the Happy Path flow of Create Playlist API" data-provider="supplyCreatePlaylistData" finished-at="2023-12-11T23:10:45 IST" duration-ms="3345" status="PASS">
          <params>
            <param index="0">
              <value>
                <![CDATA[org.testng.TestRunner@7db82169]]>
              </value>
            </param>
            <param index="1">
              <value>
                <![CDATA[{name=English Hits of 2000, description=English Hits of year 2000 and most played in the UK, public=false}]]>
              </value>
            </param>
          </params>
          <reporter-output>
          </reporter-output>
        </test-method> <!-- validateCreatePlaylist -->
        <test-method signature="validateCreatePlaylist(org.testng.ITestContext,java.util.HashMap)[pri:1, instance:spotify.happypath.tests.PlaylistHPTests@95e33cc]" started-at="2023-12-11T23:10:45 IST" name="validateCreatePlaylist" description="Validate the Happy Path flow of Create Playlist API" data-provider="supplyCreatePlaylistData" finished-at="2023-12-11T23:10:46 IST" duration-ms="404" status="PASS">
          <params>
            <param index="0">
              <value>
                <![CDATA[org.testng.TestRunner@7db82169]]>
              </value>
            </param>
            <param index="1">
              <value>
                <![CDATA[{name=American Hits of 2000, description=American Hits of year 2000 and most played in the US, public=true}]]>
              </value>
            </param>
          </params>
          <reporter-output>
          </reporter-output>
        </test-method> <!-- validateCreatePlaylist -->
        <test-method signature="validateCreatePlaylist(org.testng.ITestContext,java.util.HashMap)[pri:1, instance:spotify.happypath.tests.PlaylistHPTests@95e33cc]" started-at="2023-12-11T23:10:46 IST" name="validateCreatePlaylist" description="Validate the Happy Path flow of Create Playlist API" data-provider="supplyCreatePlaylistData" finished-at="2023-12-11T23:10:46 IST" duration-ms="410" status="PASS">
          <params>
            <param index="0">
              <value>
                <![CDATA[org.testng.TestRunner@7db82169]]>
              </value>
            </param>
            <param index="1">
              <value>
                <![CDATA[{name=Spanish Hits of 2000, description=Spanish Hits of year 2000 and most played in Spain, public=false}]]>
              </value>
            </param>
          </params>
          <reporter-output>
          </reporter-output>
        </test-method> <!-- validateCreatePlaylist -->
        <test-method signature="validateUpdatePlaylist(org.testng.ITestContext)[pri:2, instance:spotify.happypath.tests.PlaylistHPTests@95e33cc]" started-at="2023-12-11T23:10:46 IST" name="validateUpdatePlaylist" description="Validate the Happy Path flow of Update Playlist API" finished-at="2023-12-11T23:10:47 IST" duration-ms="692" status="PASS">
          <params>
            <param index="0">
              <value>
                <![CDATA[org.testng.TestRunner@7db82169]]>
              </value>
            </param>
          </params>
          <reporter-output>
          </reporter-output>
        </test-method> <!-- validateUpdatePlaylist -->
        <test-method signature="validatGetPlaylist(org.testng.ITestContext)[pri:3, instance:spotify.happypath.tests.PlaylistHPTests@95e33cc]" started-at="2023-12-11T23:10:47 IST" name="validatGetPlaylist" description="Validate the Happy Path flow of Get Playlist API" finished-at="2023-12-11T23:10:47 IST" duration-ms="348" status="PASS">
          <params>
            <param index="0">
              <value>
                <![CDATA[org.testng.TestRunner@7db82169]]>
              </value>
            </param>
          </params>
          <reporter-output>
          </reporter-output>
        </test-method> <!-- validatGetPlaylist -->
      </class> <!-- spotify.happypath.tests.PlaylistHPTests -->
    </test> <!-- Default test -->
  </suite> <!-- Default suite -->
</testng-results>
